[2026-05-11T21:24:52.869Z] GET https://accelerator.aggiex.org/ → pending (?ms, ?B)
[2026-05-11T21:26:30.777Z] GET https://aggiex.org/ → pending (?ms, ?B)
[2026-05-11T21:26:32.010Z] GET https://aggiex.org/_next/static/media/e4af272ccee01ff0-s.p.woff2 → pending (?ms, ?B)
[2026-05-11T21:26:32.011Z] GET https://aggiex.org/_next/static/css/c41a210606a0b6ea.css → pending (?ms, ?B)
[2026-05-11T21:26:32.011Z] GET https://aggiex.org/_next/static/css/7e7d96b1e6991756.css → pending (?ms, ?B)
[2026-05-11T21:26:32.011Z] GET https://aggiex.org/_next/static/chunks/webpack-22848ab91922bada.js → pending (?ms, ?B)
[2026-05-11T21:26:32.012Z] GET https://aggiex.org/_next/static/chunks/4bd1b696-100b9d70ed4e49c1.js → pending (?ms, ?B)
[2026-05-11T21:26:32.012Z] GET https://aggiex.org/_next/static/chunks/1255-eae4096fb21f1304.js → pending (?ms, ?B)
[2026-05-11T21:26:32.014Z] GET https://aggiex.org/_next/static/chunks/main-app-ec1430471712eaa6.js → pending (?ms, ?B)
[2026-05-11T21:26:32.020Z] GET https://aggiex.org/_next/static/chunks/44530001-a9ce8b2fb3979725.js → pending (?ms, ?B)
[2026-05-11T21:26:32.020Z] GET https://aggiex.org/_next/static/chunks/3540-461c89d151de6fd3.js → pending (?ms, ?B)
[2026-05-11T21:26:32.020Z] GET https://aggiex.org/_next/static/chunks/5239-aecd0e166af0f1ca.js → pending (?ms, ?B)
[2026-05-11T21:26:32.020Z] GET https://aggiex.org/_next/static/chunks/2619-04bc32f026a0d946.js → pending (?ms, ?B)
[2026-05-11T21:26:32.020Z] GET https://aggiex.org/_next/static/chunks/1356-2ed480e29f4f7933.js → pending (?ms, ?B)
[2026-05-11T21:26:32.021Z] GET https://aggiex.org/_next/static/chunks/1405-97525047a8c9effb.js → pending (?ms, ?B)
[2026-05-11T21:26:32.021Z] GET https://aggiex.org/_next/static/chunks/660-d3f2551bf9434457.js → pending (?ms, ?B)
[2026-05-11T21:26:32.024Z] GET https://aggiex.org/_next/static/chunks/4193-a6ee8a8bd3560102.js → pending (?ms, ?B)
[2026-05-11T21:26:32.024Z] GET https://aggiex.org/_next/static/chunks/8722-2a45df3865ec6299.js → pending (?ms, ?B)
[2026-05-11T21:26:32.024Z] GET https://aggiex.org/_next/static/chunks/6093-a9358a55e0a7b19d.js → pending (?ms, ?B)
[2026-05-11T21:26:32.025Z] GET https://aggiex.org/_next/static/chunks/9919-9af8020f42db9ed1.js → pending (?ms, ?B)
[2026-05-11T21:26:32.025Z] GET https://aggiex.org/_next/static/chunks/5331-ecc26607b66dc639.js → pending (?ms, ?B)
[2026-05-11T21:26:32.025Z] GET https://aggiex.org/_next/static/chunks/1351-06c09d01f33954d9.js → pending (?ms, ?B)
[2026-05-11T21:26:32.025Z] GET https://aggiex.org/_next/static/chunks/app/layout-d015acec1f1b7ae2.js → pending (?ms, ?B)
[2026-05-11T21:26:32.031Z] GET https://aggiex.org/_next/static/chunks/9924-4da969c4ac39b89a.js → pending (?ms, ?B)
[2026-05-11T21:26:32.031Z] GET https://aggiex.org/_next/static/chunks/335-29b3887dbcc0cbcc.js → pending (?ms, ?B)
[2026-05-11T21:26:32.031Z] GET https://aggiex.org/_next/static/chunks/6645-231bca34e045454a.js → pending (?ms, ?B)
[2026-05-11T21:26:32.031Z] GET https://aggiex.org/_next/static/chunks/3606-8c9f0a7a55d6ecd4.js → pending (?ms, ?B)
[2026-05-11T21:26:32.031Z] GET https://aggiex.org/_next/static/chunks/8332-4e6b9a0ee829d8ac.js → pending (?ms, ?B)
[2026-05-11T21:26:32.032Z] GET https://aggiex.org/_next/static/chunks/2003-01ce3125dbad559b.js → pending (?ms, ?B)
[2026-05-11T21:26:32.032Z] GET https://aggiex.org/_next/static/chunks/app/page-cdb9a4070593448e.js → pending (?ms, ?B)
[2026-05-11T21:26:32.035Z] GET https://aggiex.org/_next/static/css/b8e302d41b271438.css → pending (?ms, ?B)
[2026-05-11T21:26:32.305Z] GET https://aggiex.org/_vercel/insights/script.js → 200 (46ms, 2495B)
[2026-05-11T21:26:32.316Z] GET https://aggiex.org/_next/image?url=%2Fimages%2FAggieX_LogoLight.png&w=128&q=75 → 200 (221ms, 2864B)
[2026-05-11T21:26:32.316Z] GET https://aggiex.org/_next/image?url=%2Fimages%2FAggieX_LogoDark.png&w=128&q=75 → 200 (191ms, 2818B)
[2026-05-11T21:26:32.322Z] GET https://aggiex.org/_next/image?url=%2Fimages%2Fcircles-logo.png&w=750&q=75 → 200 (152ms, 34632B)
[2026-05-11T21:26:32.327Z] GET https://aggiex.org/api/events?status=approved → pending (?ms, ?B)
[2026-05-11T21:26:32.352Z] GET https://aggiex.org/calendar?_rsc=1p-R_iEY6bj0jY31 → 200 (202ms, 12522B)
[2026-05-11T21:26:32.352Z] GET https://aggiex.org/auth/login?_rsc=1p-R_iEY6bj0jY31 → 200 (249ms, 12354B)
[2026-05-11T21:26:32.352Z] GET https://aggiex.org/auth/signup?_rsc=1p-R_iEY6bj0jY31 → 200 (195ms, 12350B)
[2026-05-11T21:26:32.548Z] GET https://aggiex.org/_next/static/chunks/1560-e36dc3cdc7fdf49e.js → 200 (195ms, 90602B)
[2026-05-11T21:26:32.548Z] GET https://aggiex.org/_next/static/chunks/6778-0de13a1871e6309d.js → 200 (113ms, 14971B)
[2026-05-11T21:26:32.548Z] GET https://aggiex.org/_next/static/chunks/app/auth/signup/page-0debcf5ab66c8651.js → 200 (138ms, 1288B)
[2026-05-11T21:26:32.555Z] GET https://aggiex.org/_next/static/chunks/6628-5ca2bd53da459186.js → 200 (106ms, 21628B)
[2026-05-11T21:26:32.555Z] GET https://aggiex.org/_next/static/chunks/4394-64df366d4a904482.js → 200 (101ms, 8905B)
[2026-05-11T21:26:32.555Z] GET https://aggiex.org/_next/static/chunks/6133-a2d2efadefbe11b0.js → 200 (129ms, 23116B)
[2026-05-11T21:26:32.555Z] GET https://aggiex.org/_next/static/chunks/app/calendar/page-69e5be6985249a2b.js → 200 (186ms, 43988B)
[2026-05-11T21:26:32.601Z] GET https://aggiex.org/_next/static/chunks/app/auth/login/page-1b33e66560e79f8b.js → 200 (96ms, 2145B)
[2026-05-11T21:34:02.055Z] GET https://vercel.com/docs/errors/middleware_invocation_failed.md → pending (?ms, ?B)
[2026-05-11T21:34:06.955Z] GET https://vercel.com/docs/errors/middleware_invocation_failed → 200 (124ms, 582725B)
[2026-05-11T21:34:07.087Z] GET https://vercel.com/vc-ap-vercel-docs/_next/static/immutable/media/797e433ab948586e.p.3f30ggp2vw8zj.woff2 → 200 (61ms, 31288B)
[2026-05-11T21:34:07.087Z] GET https://vercel.com/vc-ap-vercel-docs/_next/static/immutable/media/caa3a2e1cccd8315.p.400zotvijr2rn.woff2 → 200 (62ms, 28388B)
[2026-05-11T21:34:07.087Z] GET https://vercel.com/vc-ap-vercel-docs/_next/static/immutable/media/vercel-light.23p4dw77xj4pk.svg → 200 (147ms, 223B)
[2026-05-11T21:34:07.087Z] GET https://vercel.com/vc-ap-vercel-docs/_next/static/immutable/media/vercel-dark.05qiau0oi3y6n.svg → 200 (147ms, 223B)
[2026-05-11T21:34:07.087Z] GET https://vercel.com/vc-ap-vercel-docs/_next/static/immutable/chunks/3jjbg5ukzhxrq.css → 200 (43ms, 380951B)
[2026-05-11T21:34:07.087Z] GET https://vercel.com/vc-ap-vercel-docs/_next/static/immutable/chunks/07voawubyn0-v.css → 200 (69ms, 118809B)
[2026-05-11T21:34:07.087Z] GET https://vercel.com/vc-ap-vercel-docs/_next/static/immutable/chunks/37lq4pxhe4upr.css → 200 (75ms, 7374B)
[2026-05-11T21:34:07.087Z] GET https://vercel.com/vc-ap-vercel-docs/_next/static/immutable/chunks/0wazodkmp0nxf.css → 200 (62ms, 25357B)
[2026-05-11T21:34:07.087Z] GET https://vercel.com/vc-ap-vercel-docs/_next/static/immutable/chunks/1pjqk5bx5w_8j.css → 200 (62ms, 48336B)
[2026-05-11T21:34:07.087Z] GET https://vercel.com/vc-ap-vercel-docs/_next/static/immutable/chunks/2abo8nmw3u6rl.js → 200 (158ms, 32854B)
[2026-05-11T21:34:07.087Z] GET https://vercel.com/vc-ap-vercel-docs/_next/static/immutable/chunks/05el7l-r4q_to.js → 200 (158ms, 38116B)
[2026-05-11T21:34:07.087Z] GET https://vercel.com/vc-ap-vercel-docs/_next/static/immutable/chunks/2brz0uc6c6mjb.js → 200 (158ms, 34818B)
[2026-05-11T21:34:07.087Z] GET https://vercel.com/vc-ap-vercel-docs/_next/static/immutable/chunks/0tzjg2p1g7qi2.js → 200 (159ms, 203782B)
[2026-05-11T21:34:07.087Z] GET https://vercel.com/vc-ap-vercel-docs/_next/static/immutable/chunks/3m5rqyfkzk_yq.js → 200 (158ms, 68880B)
[2026-05-11T21:34:07.088Z] GET https://vercel.com/vc-ap-vercel-docs/_next/static/immutable/chunks/3znw_2u5s9di0.js → 200 (156ms, 113537B)
[2026-05-11T21:34:07.088Z] GET https://vercel.com/vc-ap-vercel-docs/_next/static/immutable/chunks/turbopack-21zl59ee11ytq.js → 200 (212ms, 11228B)
[2026-05-11T21:34:07.088Z] GET https://vercel.com/vc-ap-vercel-docs/_next/static/immutable/chunks/132rthwpaubxr.js → 200 (201ms, 660B)
[2026-05-11T21:34:07.088Z] GET https://vercel.com/vc-ap-vercel-docs/_next/static/immutable/chunks/3wbbh-pcvh9v4.js → 200 (201ms, 37097B)
[2026-05-11T21:34:07.088Z] GET https://vercel.com/vc-ap-vercel-docs/_next/static/immutable/chunks/1xjooedgi_y6y.js → 200 (201ms, 15340B)
[2026-05-11T21:34:07.088Z] GET https://vercel.com/vc-ap-vercel-docs/_next/static/immutable/chunks/3w08nzz9z0rve.js → 200 (200ms, 22116B)
[2026-05-11T21:34:07.088Z] GET https://vercel.com/vc-ap-vercel-docs/_next/static/immutable/chunks/0_3v2yvvb77v7.js → 200 (203ms, 23623B)
[2026-05-11T21:34:07.088Z] GET https://vercel.com/vc-ap-vercel-docs/_next/static/immutable/chunks/3jh-v11rca49p.js → 200 (201ms, 12435B)
[2026-05-11T21:34:07.088Z] GET https://vercel.com/vc-ap-vercel-docs/_next/static/immutable/chunks/0x3jpn920-ufl.js → 200 (211ms, 21323B)
[2026-05-11T21:34:07.088Z] GET https://vercel.com/vc-ap-vercel-docs/_next/static/immutable/chunks/1yzrk5cjnoiuq.js → 200 (201ms, 8338B)
[2026-05-11T21:34:07.088Z] GET https://vercel.com/vc-ap-vercel-docs/_next/static/immutable/chunks/1mekpmpqewnu2.js → 200 (301ms, ?B)
[2026-05-11T21:34:07.088Z] GET https://vercel.com/vc-ap-vercel-docs/_next/static/immutable/chunks/43b5b90_syu2a.js → 200 (200ms, 22368B)
[2026-05-11T21:34:07.088Z] GET https://vercel.com/vc-ap-vercel-docs/_next/static/immutable/chunks/1fcly_6k3axep.js → 200 (247ms, 25504B)
[2026-05-11T21:34:07.088Z] GET https://vercel.com/vc-ap-vercel-docs/_next/static/immutable/chunks/2alevwc6u_2r2.js → 200 (200ms, 29071B)
[2026-05-11T21:34:07.088Z] GET https://vercel.com/vc-ap-vercel-docs/_next/static/immutable/chunks/08cg9g-hrgt_p.js → 200 (202ms, 26479B)
[2026-05-11T21:34:07.088Z] GET https://vercel.com/vc-ap-vercel-docs/_next/static/immutable/chunks/402szgtr37ly-.js → 200 (203ms, 61748B)
[2026-05-11T21:34:07.088Z] GET https://vercel.com/vc-ap-vercel-docs/_next/static/immutable/chunks/2zrvnci2ymr6n.js → 200 (247ms, 164842B)
[2026-05-11T21:34:07.088Z] GET https://vercel.com/vc-ap-vercel-docs/_next/static/immutable/chunks/1l3q_79hdw12a.js → 200 (202ms, 26822B)
[2026-05-11T21:34:07.089Z] GET https://vercel.com/vc-ap-vercel-docs/_next/static/immutable/chunks/3iv5mrwfsyl5d.js → 200 (211ms, 33492B)
[2026-05-11T21:34:07.089Z] GET https://vercel.com/vc-ap-vercel-docs/_next/static/immutable/chunks/019m_gc_l6lrz.js → 200 (207ms, 29646B)
[2026-05-11T21:34:07.089Z] GET https://vercel.com/vc-ap-vercel-docs/_next/static/immutable/chunks/34-xut99ta2_g.js → 200 (209ms, 28236B)
[2026-05-11T21:34:07.089Z] GET https://vercel.com/vc-ap-vercel-docs/_next/static/immutable/chunks/3tcrqmrrm2x7w.js → 200 (208ms, 24827B)
[2026-05-11T21:34:07.089Z] GET https://vercel.com/vc-ap-vercel-docs/_next/static/immutable/chunks/2096b108k1n76.js → 200 (245ms, 36293B)
[2026-05-11T21:34:07.089Z] GET https://vercel.com/vc-ap-vercel-docs/_next/static/immutable/chunks/2mto3mv97j_hh.js → 200 (243ms, 418398B)
[2026-05-11T21:34:07.089Z] GET https://vercel.com/vc-ap-vercel-docs/_next/static/immutable/chunks/0riwa065wrmb9.js → 200 (246ms, 29102B)
[2026-05-11T21:34:07.089Z] GET https://vercel.com/vc-ap-vercel-docs/_next/static/immutable/chunks/1w3e1junit7-x.js → 200 (300ms, ?B)
[2026-05-11T21:34:07.089Z] GET https://vercel.com/vc-ap-vercel-docs/_next/static/immutable/chunks/0xgfu9wue3ina.js → 200 (247ms, 45825B)
[2026-05-11T21:34:07.089Z] GET https://vercel.com/vc-ap-vercel-docs/_next/static/immutable/chunks/3za6jdfv1-dbh.js → 200 (246ms, 40477B)
[2026-05-11T21:34:07.089Z] GET https://vercel.com/vc-ap-vercel-docs/_next/static/immutable/chunks/3rl92zw-qzrc2.js → 200 (210ms, 31924B)
[2026-05-11T21:34:07.089Z] GET https://vercel.com/vc-ap-vercel-docs/_next/static/immutable/chunks/1k78ltjyj5eyx.js → 200 (247ms, 29714B)
[2026-05-11T21:34:07.089Z] GET https://vercel.com/vc-ap-vercel-docs/_next/static/immutable/chunks/29fbkdvtrc7re.js → 200 (246ms, 18819B)
[2026-05-11T21:34:07.089Z] GET https://vercel.com/vc-ap-vercel-docs/_next/static/immutable/chunks/0ur2h1pa6-qkc.js → 200 (300ms, ?B)
[2026-05-11T21:34:07.089Z] GET https://vercel.com/vc-ap-vercel-docs/_next/static/immutable/chunks/3pzc-ubjg74-h.js → 200 (300ms, 168305B)
[2026-05-11T21:34:07.089Z] GET https://vercel.com/vc-ap-vercel-docs/_next/static/immutable/chunks/422t8c_ujz5fa.js → 200 (247ms, 167467B)
[2026-05-11T21:34:07.089Z] GET https://vercel.com/vc-ap-vercel-docs/_next/static/immutable/chunks/28lvyl92j6e00.js → 200 (247ms, 28481B)
[2026-05-11T21:34:07.089Z] GET https://vercel.com/vc-ap-vercel-docs/_next/static/immutable/chunks/2alsnw10wpblu.js → 200 (304ms, ?B)
[2026-05-11T21:34:07.089Z] GET https://vercel.com/vc-ap-vercel-docs/_next/static/immutable/chunks/3y06ophv9xtae.js → 200 (299ms, 21107B)
[2026-05-11T21:34:07.089Z] GET https://vercel.com/vc-ap-vercel-docs/_next/static/immutable/chunks/3bdr1hbwvk2ne.js → 200 (306ms, ?B)
[2026-05-11T21:34:07.089Z] GET https://vercel.com/vc-ap-vercel-docs/_next/static/immutable/chunks/1_i0xfk0-4pjw.js → 200 (262ms, 19024B)
[2026-05-11T21:34:07.089Z] GET https://vercel.com/vc-ap-vercel-docs/_next/static/immutable/chunks/3kq7m4xnu_rj1.js → 200 (246ms, 33653B)
[2026-05-11T21:34:07.089Z] GET https://vercel.com/vc-ap-vercel-docs/_next/static/immutable/chunks/3ywxfeole_xgr.js → 200 (303ms, ?B)
[2026-05-11T21:34:07.089Z] GET https://vercel.com/vc-ap-vercel-docs/_next/static/immutable/chunks/2z5lgbvgcla7u.js → 200 (261ms, 142839B)
[2026-05-11T21:34:07.090Z] GET https://vercel.com/vc-ap-vercel-docs/_next/static/immutable/chunks/2g5yb5brr1og4.js → 200 (244ms, 49680B)
[2026-05-11T21:34:07.090Z] GET https://vercel.com/vc-ap-vercel-docs/_next/static/immutable/chunks/2v5rqq5mpi1_u.js → 200 (245ms, 21544B)
[2026-05-11T21:34:07.090Z] GET https://vercel.com/vc-ap-vercel-docs/_next/static/immutable/chunks/1hql6uidtgpwe.js → 200 (299ms, 16416B)
[2026-05-11T21:34:07.090Z] GET https://vercel.com/vc-ap-vercel-docs/_next/static/immutable/chunks/1k1n5o3btrkgy.css → 200 (66ms, 100804B)
[2026-05-11T21:34:07.231Z] GET https://k2mkucxia43oc7fa.public.blob.vercel-storage.com/front/fonts/space-mono/space-mono-v11-latin-regular.woff2 → pending (?ms, ?B)
[2026-05-11T21:34:07.243Z] GET https://vercel.com/vc-ap-0cca3e/_next/static/immutable/chunks/0rofgxhe7hruu.js → 200 (92ms, 23191B)
[2026-05-11T21:34:07.243Z] GET https://vercel.com/vc-ap-0cca3e/_next/static/immutable/chunks/1e9afsv5i1xyt.js → 200 (57ms, 31748B)
[2026-05-11T21:34:07.244Z] GET https://vercel.com/vc-ap-0cca3e/_next/static/immutable/chunks/12zozzge4p08v.js → 200 (88ms, 138480B)
[2026-05-11T21:34:07.244Z] GET https://vercel.com/vc-ap-0cca3e/_next/static/immutable/chunks/176ub_ao_jvcu.js → 200 (90ms, 46678B)
[2026-05-11T21:34:07.244Z] GET https://vercel.com/vc-ap-0cca3e/_next/static/immutable/chunks/0-26hiajk_rz6.js → 200 (90ms, 203418B)
[2026-05-11T21:34:07.244Z] GET https://vercel.com/vc-ap-0cca3e/_next/static/immutable/chunks/turbopack-0znfvff43rcgb.js → 200 (55ms, 10846B)
[2026-05-11T21:34:07.244Z] GET https://vercel.com/vc-ap-0cca3e/_next/static/immutable/chunks/3kxyu60h_-7aw.js → 200 (55ms, 3462B)
[2026-05-11T21:34:07.244Z] GET https://vercel.com/vc-ap-0cca3e/_next/static/immutable/chunks/09723hocgm4d1.js → 200 (90ms, 54738B)
[2026-05-11T21:34:07.244Z] GET https://vercel.com/vc-ap-0cca3e/_next/static/immutable/chunks/09w31mwsgxe75.js → 200 (90ms, 18727B)
[2026-05-11T21:34:07.244Z] GET https://vercel.com/vc-ap-0cca3e/_next/static/immutable/chunks/2f4cd8ha-c4ow.js → 200 (56ms, 350526B)
[2026-05-11T21:34:07.244Z] GET https://vercel.com/vc-ap-0cca3e/_next/static/immutable/chunks/185j6sqo_pkmy.js → 200 (90ms, 61162B)
[2026-05-11T21:34:07.244Z] GET https://vercel.com/vc-ap-0cca3e/_next/static/immutable/chunks/0cz1d0mv5g_q7.js → 200 (55ms, 112594B)
[2026-05-11T21:34:07.244Z] GET https://vercel.com/vc-ap-0cca3e/_next/static/immutable/chunks/0sghdlyg3fpyp.js → 200 (56ms, 6555B)
[2026-05-11T21:34:07.244Z] GET https://vercel.com/vc-ap-0cca3e/_next/static/immutable/chunks/0f1nv-_8xq498.css → 200 (88ms, 25461B)
[2026-05-11T21:34:07.244Z] GET https://vercel.com/vc-ap-0cca3e/_next/static/immutable/chunks/0sghdlyg3fpyp.js → 200 (55ms, 6555B)
[2026-05-11T21:34:07.546Z] GET https://vercel.com/.well-known/vercel/microfrontends/client-config → 200 (122ms, 7156B)
[2026-05-11T21:34:07.546Z] GET https://vercel.com/.well-known/vercel/microfrontends/client-config → 200 (71ms, 7156B)
[2026-05-11T21:34:07.546Z] GET https://vercel.com/vc-ap-vercel-docs/_next/static/immutable/chunks/1_jk2-zyrzbs-.css → 200 (25ms, 246B)
[2026-05-11T21:34:07.549Z] GET https://vercel.com/vc-ap-vercel-docs/_next/static/immutable/chunks/1c9atytlto8eh.js → 200 (32ms, 15856B)
[2026-05-11T21:34:07.571Z] POST https://vercel.com/api/jwt → 403 (208ms, 12B)
[2026-05-11T21:34:07.571Z] GET https://vercel.com/e62b3a9e28ed8bca/script.js → 200 (54ms, 2495B)
[2026-05-11T21:34:07.571Z] GET https://vercel.com/3628f7ea4ecd82e3/script.js → 200 (72ms, 12567B)
[2026-05-11T21:34:07.571Z] POST https://vercel.com/api/stream/internal → 200 (227ms, 55B)
[2026-05-11T21:34:07.614Z] GET https://vercel-docs.vercel.sh/vc-ap-0cca3e/_next/static/immutable/chunks/0f1nv-_8xq498.css → 200 (154ms, 25461B)
[2026-05-11T21:34:07.615Z] GET https://vercel.com/vc-ap-vercel-docs/_next/static/immutable/chunks/3vyv9u6e4f356.js → 200 (63ms, 14581B)
[2026-05-11T21:34:07.615Z] GET https://vercel.com/vc-ap-vercel-docs/_next/static/immutable/chunks/23j6pnf1-gqqx.js → 200 (81ms, 32915B)
[2026-05-11T21:34:07.615Z] GET https://vercel.com/vc-ap-vercel-docs/_next/static/immutable/chunks/1yrlvrps_vcul.js → 200 (51ms, 27004B)
[2026-05-11T21:34:07.640Z] GET https://vercel.com/home → 200 (92ms, ?B)
[2026-05-11T21:34:07.678Z] GET https://vercel.com/docs/deployments/build-features?_rsc=jtPNLvuX34JMJvi6 → 308 (66ms, ?B)
[2026-05-11T21:34:07.678Z] GET https://vercel.com/docs/multi-tenant?_rsc=jtPNLvuX34JMJvi6 → 200 (71ms, 1188B)
[2026-05-11T21:34:07.678Z] GET https://vercel.com/docs/flags?_rsc=jtPNLvuX34JMJvi6 → 200 (57ms, 1181B)
[2026-05-11T21:34:07.678Z] GET https://vercel.com/docs/cli?_rsc=jtPNLvuX34JMJvi6 → 200 (60ms, 1179B)
[2026-05-11T21:34:07.699Z] GET https://vercel.com/vc-ap-vercel-docs/_next/static/immutable/chunks/2-sef8fyeb-6n.js → 200 (53ms, 16352B)
[2026-05-11T21:34:07.699Z] GET https://vercel.com/vc-ap-vercel-docs/_next/static/immutable/chunks/3b5jve_d6lljl.js → 200 (54ms, 70681B)
[2026-05-11T21:34:07.699Z] GET https://vercel.com/vc-ap-vercel-docs/_next/static/immutable/chunks/045v8eprt6b4b.css → 200 (106ms, 254B)
[2026-05-11T21:34:07.737Z] GET https://vercel.com/kb?_rsc=jtPNLvuX34JMJvi6 → 200 (77ms, 1110B)
[2026-05-11T21:34:07.738Z] GET https://vercel.com/docs/production-checklist?_rsc=jtPNLvuX34JMJvi6 → 200 (62ms, 1196B)
[2026-05-11T21:34:07.740Z] GET https://vercel.com/pricing → 200 (71ms, ?B)
[2026-05-11T21:34:07.744Z] GET https://vercel.com/docs/builds/build-features/?_rsc=jtPNLvuX34JMJvi6 → 308 (75ms, ?B)
[2026-05-11T21:34:07.752Z] GET https://vercel.com/docs/incremental-migration?_rsc=jtPNLvuX34JMJvi6 → 200 (157ms, 1197B)
[2026-05-11T21:34:07.800Z] GET https://vercel.com/docs/frameworks?_rsc=jtPNLvuX34JMJvi6 → 200 (65ms, 1186B)
[2026-05-11T21:34:07.815Z] GET https://vercel.com/vc-ap-vercel-docs/_next/static/immutable/chunks/05ukjk40yt31z.css → 200 (52ms, 3035B)
[2026-05-11T21:34:07.815Z] GET https://vercel.com/docs/fundamentals?_rsc=jtPNLvuX34JMJvi6 → 200 (60ms, 1188B)
[2026-05-11T21:34:07.817Z] GET https://vercel.com/enterprise → 200 (514ms, ?B)
[2026-05-11T21:34:07.819Z] GET https://vercel.com/docs/builds/build-features?_rsc=jtPNLvuX34JMJvi6 → 200 (72ms, 1261B)
[2026-05-11T21:34:07.867Z] GET https://vercel.com/docs/getting-started-with-vercel?_rsc=jtPNLvuX34JMJvi6 → 200 (73ms, 1203B)
[2026-05-11T21:34:07.876Z] GET https://vercel.com/docs?_rsc=jtPNLvuX34JMJvi6 → 200 (64ms, 1111B)
[2026-05-11T21:34:07.892Z] GET https://vercel.com/docs/builds/build-features?_rsc=NJaXoldgJXWsUmpt → 200 (369ms, 36813B)
[2026-05-11T21:34:07.909Z] GET https://vercel.com/docs/builds/build-features?_rsc=TtCWRrQGRdVofZ_9 → 200 (340ms, 119757B)
[2026-05-11T21:34:07.935Z] GET https://vercel-docs.vercel.sh/vc-ap-0cca3e/_next/static/immutable/chunks/0sghdlyg3fpyp.js → 200 (20ms, 6555B)
[2026-05-11T21:34:07.942Z] GET https://vercel.com/vc-ap-vercel-docs/_next/static/immutable/chunks/1cg894h0d2nni.js → 200 (43ms, 1924B)
[2026-05-11T21:34:07.944Z] GET https://vercel.com/docs/builds/build-features?_rsc=iqiDaT0-ESdfU11k → 200 (59ms, 61392B)
[2026-05-11T21:34:07.944Z] GET https://vercel.com/docs/multi-tenant?_rsc=2iwTMI7XC2UUycOm → 200 (59ms, 45235B)
[2026-05-11T21:34:07.944Z] GET https://vercel.com/vc-ap-vercel-docs/_next/static/immutable/chunks/03-iujyvc6asn.js → 200 (58ms, 151038B)
[2026-05-11T21:34:07.990Z] GET blob:https://vercel.com/c1265505-57eb-40ef-b104-520b74cdc558 → 200 (11ms, 23263B)
[2026-05-11T21:34:07.990Z] GET blob:https://vercel.com/7cf25c17-d7ba-4d29-9994-3d1e416a84ae → 200 (12ms, 31820B)
[2026-05-11T21:34:07.991Z] GET blob:https://vercel.com/ca4c6abc-67f8-4a84-8988-f8faf6248f8d → 200 (11ms, 138552B)
[2026-05-11T21:34:07.992Z] GET blob:https://vercel.com/4d66de92-f907-4104-b64f-f9b357800589 → 200 (10ms, 46750B)
[2026-05-11T21:34:07.994Z] GET blob:https://vercel.com/2e7e4f07-2f22-44f8-9a58-d2fd72ab6173 → 200 (8ms, 203490B)
[2026-05-11T21:34:07.994Z] GET blob:https://vercel.com/a16e9f9f-7303-47b4-9783-2c62857e14b0 → 200 (8ms, 11134B)
[2026-05-11T21:34:07.995Z] GET blob:https://vercel.com/c6327c02-1730-4a1a-aeb2-07b646bc6062 → 200 (7ms, 3534B)
[2026-05-11T21:34:07.995Z] GET blob:https://vercel.com/283e717a-fffa-418e-a3ab-4ead1ff70499 → 200 (7ms, 54810B)
[2026-05-11T21:34:07.996Z] GET blob:https://vercel.com/e24eb14e-87df-454c-8ec1-8292ad63346b → 200 (6ms, 18799B)
[2026-05-11T21:34:08.000Z] GET blob:https://vercel.com/4eb77dbd-d256-430a-9a55-62762293ef6d → 200 (29ms, 350598B)
[2026-05-11T21:34:08.000Z] GET blob:https://vercel.com/7f2189d5-3923-4b01-8b92-558d2e2286df → 200 (3ms, 61234B)
[2026-05-11T21:34:08.000Z] GET blob:https://vercel.com/6a68ebbf-d076-40c0-b525-f47d16f51371 → 200 (20ms, 6627B)
[2026-05-11T21:34:08.020Z] POST https://o205439.ingest.us.sentry.io/api/4507726617772033/envelope/?sentry_key=fa4620bf2250a67e0f31636787ee5ad5&sentry_version=7&sentry_client=sentry.javascript.browser%2F7.111.0 → 429 (74ms, 198B)
[2026-05-11T21:34:08.021Z] GET https://vercel.com/vc-ap-vercel-docs/_next/static/immutable/chunks/2zy301s8v6_kv.js → 200 (105ms, 773B)
[2026-05-11T21:34:08.021Z] GET https://vercel.com/docs/flags?_rsc=d9_mn9VLJDdCRRTv → 200 (67ms, 47928B)
[2026-05-11T21:34:08.022Z] GET https://vercel.com/vc-ap-vercel-docs/_next/static/immutable/chunks/2vzx0ztccdt11.js → 200 (57ms, 4615B)
[2026-05-11T21:34:08.022Z] GET https://vercel.com/docs/cli?_rsc=GcZmXihPFsUjgNAg → 200 (69ms, 215163B)
[2026-05-11T21:34:08.037Z] POST https://o205439.ingest.us.sentry.io/api/4507726617772033/envelope/?sentry_key=fa4620bf2250a67e0f31636787ee5ad5&sentry_version=7&sentry_client=sentry.javascript.browser%2F7.111.0 → 200 (57ms, 2B)
[2026-05-11T21:34:08.037Z] GET https://vercel.com/vc-ap-0cca3e/_next/static/immutable/chunks/0zc7rp33ui2y2.js → 200 (42ms, 4648B)
[2026-05-11T21:34:08.079Z] GET blob:https://vercel.com/ab2acf5e-6f29-42b5-9fc2-3d59e8eb3476 → 200 (1ms, 4720B)
[2026-05-11T21:34:08.082Z] GET https://vercel.com/vc-ap-vercel-docs/_next/static/immutable/chunks/37v4dp-4nyq_e.js → 200 (42ms, 3964B)
[2026-05-11T21:34:08.090Z] GET https://vercel.com/vc-ap-vercel-docs/_next/static/immutable/chunks/1n27a5xh60aps.js → 200 (48ms, 17689B)
[2026-05-11T21:34:08.090Z] GET https://vercel.com/kb?_rsc=p3VgasfhFi0JfBEy → 200 (55ms, 142683B)
[2026-05-11T21:34:08.096Z] GET https://vercel.com/vc-ap-vercel-docs/_next/static/immutable/chunks/26kwh4727o85t.js → 200 (59ms, 13380B)
[2026-05-11T21:34:08.096Z] GET https://vercel.com/vc-ap-vercel-docs/_next/static/immutable/chunks/0bseueqtvjv3u.js → 200 (58ms, 64273B)
[2026-05-11T21:34:08.096Z] GET https://vercel.com/docs/production-checklist?_rsc=AvrB4u6z-am8aC36 → 200 (115ms, 69931B)
[2026-05-11T21:34:08.125Z] GET https://vercel.com/vc-ap-vercel-docs/_next/static/immutable/chunks/360_tvmle72q3.js → 200 (44ms, 23675B)
[2026-05-11T21:34:08.148Z] GET https://vercel.com/vc-ap-vercel-docs/_next/static/immutable/chunks/2vfn80htrxtzt.js → 200 (78ms, 18819B)
[2026-05-11T21:34:08.149Z] GET https://vercel.com/vc-ap-vercel-docs/_next/static/immutable/chunks/2jrspbv3xgrrt.js → 200 (71ms, 21208B)
[2026-05-11T21:34:08.149Z] GET https://vercel.com/vc-ap-vercel-docs/_next/static/immutable/chunks/1cjqjd_2celx1.js → 200 (62ms, 42051B)
[2026-05-11T21:34:08.149Z] GET https://vercel.com/vc-ap-vercel-docs/_next/static/immutable/chunks/2m2gqm3-10bz4.js → 200 (63ms, 167467B)
[2026-05-11T21:34:08.149Z] GET https://vercel.com/vc-ap-vercel-docs/_next/static/immutable/chunks/0gcyxy5gqj59h.js → 200 (92ms, 30216B)
[2026-05-11T21:34:08.149Z] GET https://vercel.com/vc-ap-vercel-docs/_next/static/immutable/chunks/28n-szt4huphu.js → 200 (80ms, 36847B)
[2026-05-11T21:34:08.149Z] GET https://vercel.com/docs/incremental-migration?_rsc=qenwJ0tiQ_7qjxq_ → 200 (77ms, 111189B)
[2026-05-11T21:34:08.198Z] GET https://www.vercel-status.com/api/v2/incidents/unresolved.json → 200 (92ms, 161B)
[2026-05-11T21:34:08.214Z] GET https://vercel.com/vc-ap-vercel-docs/_next/static/immutable/chunks/09dh_xbd-9y-r.js → 200 (74ms, 25545B)
[2026-05-11T21:34:08.214Z] GET https://vercel.com/docs/frameworks?_rsc=2C0zBKpPFdxo8NA- → 200 (96ms, 59825B)
[2026-05-11T21:34:08.228Z] GET https://vercel.com/docs/fundamentals?_rsc=S29g3aqpcvp_tte_ → 200 (55ms, 30205B)
[2026-05-11T21:34:08.253Z] GET https://vercel.com/docs/getting-started-with-vercel?_rsc=YrCHCKqDXs1GIUX5 → 200 (71ms, 76141B)
[2026-05-11T21:34:08.262Z] GET https://vercel.com/docs?_rsc=J3EcyCMzCen8zb7g → 200 (93ms, 56651B)
[2026-05-11T21:34:08.285Z] GET https://vercel.com/vc-ap-vercel-docs/_next/static/immutable/chunks/0f_8x9r5v-byg.js → 200 (56ms, 6763B)
[2026-05-11T21:34:08.313Z] GET https://vercel.com/vc-ap-vercel-docs/_next/static/immutable/chunks/1bk2hl8levrod.js → 200 (63ms, 18991B)
[2026-05-11T21:34:08.313Z] GET https://vercel.com/vc-ap-vercel-docs/_next/static/immutable/chunks/0_edwy39slgv0.js → 200 (58ms, 69256B)
[2026-05-11T21:34:08.326Z] GET https://vercel.com/vc-ap-vercel-docs/_next/static/immutable/chunks/35k3g7ler9lhq.js → 200 (55ms, 31631B)
[2026-05-11T21:34:17.654Z] POST https://vercel.com/.well-known/otel/metrics → 204 (463ms, ?B)
[2026-05-11T21:47:52.857Z] GET https://accelerator.aggiex.org/ → 404 (221ms, ?B)
[2026-05-11T21:48:19.697Z] GET https://vercel.com/docs/errors/not_found → 200 (197ms, 582802B)
[2026-05-11T21:48:19.910Z] GET https://vercel.com/vc-ap-vercel-docs/_next/static/immutable/media/797e433ab948586e.p.3f30ggp2vw8zj.woff2 → 200 (12ms, 31288B)
[2026-05-11T21:48:19.911Z] GET https://vercel.com/vc-ap-vercel-docs/_next/static/immutable/media/caa3a2e1cccd8315.p.400zotvijr2rn.woff2 → 200 (11ms, 28388B)
[2026-05-11T21:48:19.911Z] GET https://vercel.com/vc-ap-vercel-docs/_next/static/immutable/media/vercel-light.23p4dw77xj4pk.svg → 200 (18ms, 223B)
[2026-05-11T21:48:19.911Z] GET https://vercel.com/vc-ap-vercel-docs/_next/static/immutable/media/vercel-dark.05qiau0oi3y6n.svg → 200 (19ms, 223B)
[2026-05-11T21:48:19.911Z] GET https://vercel.com/vc-ap-vercel-docs/_next/static/immutable/chunks/3jjbg5ukzhxrq.css → 200 (4ms, 380951B)
[2026-05-11T21:48:19.911Z] GET https://vercel.com/vc-ap-vercel-docs/_next/static/immutable/chunks/07voawubyn0-v.css → 200 (10ms, 118809B)
[2026-05-11T21:48:19.911Z] GET https://vercel.com/vc-ap-vercel-docs/_next/static/immutable/chunks/37lq4pxhe4upr.css → 200 (10ms, 7374B)
[2026-05-11T21:48:19.911Z] GET https://vercel.com/vc-ap-vercel-docs/_next/static/immutable/chunks/0wazodkmp0nxf.css → 200 (10ms, 25357B)
[2026-05-11T21:48:19.911Z] GET https://vercel.com/vc-ap-vercel-docs/_next/static/immutable/chunks/1pjqk5bx5w_8j.css → 200 (11ms, 48336B)
[2026-05-11T21:48:19.911Z] GET https://vercel.com/vc-ap-vercel-docs/_next/static/immutable/chunks/2abo8nmw3u6rl.js → 200 (39ms, 32854B)
[2026-05-11T21:48:19.911Z] GET https://vercel.com/vc-ap-vercel-docs/_next/static/immutable/chunks/05el7l-r4q_to.js → 200 (39ms, 38116B)
[2026-05-11T21:48:19.911Z] GET https://vercel.com/vc-ap-vercel-docs/_next/static/immutable/chunks/2brz0uc6c6mjb.js → 200 (105ms, 34818B)
[2026-05-11T21:48:19.911Z] GET https://vercel.com/vc-ap-vercel-docs/_next/static/immutable/chunks/0tzjg2p1g7qi2.js → 200 (106ms, 203782B)
[2026-05-11T21:48:19.911Z] GET https://vercel.com/vc-ap-vercel-docs/_next/static/immutable/chunks/3m5rqyfkzk_yq.js → 200 (106ms, 68880B)
[2026-05-11T21:48:19.911Z] GET https://vercel.com/vc-ap-vercel-docs/_next/static/immutable/chunks/3znw_2u5s9di0.js → 200 (107ms, 113537B)
[2026-05-11T21:48:19.911Z] GET https://vercel.com/vc-ap-vercel-docs/_next/static/immutable/chunks/turbopack-21zl59ee11ytq.js → 200 (106ms, 11228B)
[2026-05-11T21:48:19.911Z] GET https://vercel.com/vc-ap-vercel-docs/_next/static/immutable/chunks/132rthwpaubxr.js → 200 (107ms, 660B)
[2026-05-11T21:48:19.911Z] GET https://vercel.com/vc-ap-vercel-docs/_next/static/immutable/chunks/3wbbh-pcvh9v4.js → 200 (112ms, 37097B)
[2026-05-11T21:48:19.912Z] GET https://vercel.com/vc-ap-vercel-docs/_next/static/immutable/chunks/3z8c5zkvt52hp.js → 200 (117ms, 15340B)
[2026-05-11T21:48:19.912Z] GET https://vercel.com/vc-ap-vercel-docs/_next/static/immutable/chunks/1rwg0bvfgge16.js → 200 (194ms, 22116B)
[2026-05-11T21:48:19.912Z] GET https://vercel.com/vc-ap-vercel-docs/_next/static/immutable/chunks/0pkfk-pglozjd.js → 200 (237ms, ?B)
[2026-05-11T21:48:19.912Z] GET https://vercel.com/vc-ap-vercel-docs/_next/static/immutable/chunks/3jh-v11rca49p.js → 200 (112ms, 12435B)
[2026-05-11T21:48:19.912Z] GET https://vercel.com/vc-ap-vercel-docs/_next/static/immutable/chunks/18cjul7nlnukq.js → 200 (194ms, 21323B)
[2026-05-11T21:48:19.913Z] GET https://vercel.com/vc-ap-vercel-docs/_next/static/immutable/chunks/1yzrk5cjnoiuq.js → 200 (111ms, 8338B)
[2026-05-11T21:48:19.913Z] GET https://vercel.com/vc-ap-vercel-docs/_next/static/immutable/chunks/0q8nhaw41le2v.js → 200 (236ms, ?B)
[2026-05-11T21:48:19.913Z] GET https://vercel.com/vc-ap-vercel-docs/_next/static/immutable/chunks/43b5b90_syu2a.js → 200 (111ms, 22368B)
[2026-05-11T21:48:19.914Z] GET https://vercel.com/vc-ap-vercel-docs/_next/static/immutable/chunks/1fcly_6k3axep.js → 200 (110ms, 25504B)
[2026-05-11T21:48:19.914Z] GET https://vercel.com/vc-ap-vercel-docs/_next/static/immutable/chunks/2ez_biyaqtd8z.js → 200 (234ms, 29071B)
[2026-05-11T21:48:19.914Z] GET https://vercel.com/vc-ap-vercel-docs/_next/static/immutable/chunks/08cg9g-hrgt_p.js → 200 (110ms, 26479B)
[2026-05-11T21:48:19.914Z] GET https://vercel.com/vc-ap-vercel-docs/_next/static/immutable/chunks/402szgtr37ly-.js → 200 (111ms, 61748B)
[2026-05-11T21:48:19.914Z] GET https://vercel.com/vc-ap-vercel-docs/_next/static/immutable/chunks/2zrvnci2ymr6n.js → 200 (114ms, 164842B)
[2026-05-11T21:48:19.914Z] GET https://vercel.com/vc-ap-vercel-docs/_next/static/immutable/chunks/1l3q_79hdw12a.js → 200 (111ms, 26822B)
[2026-05-11T21:48:19.914Z] GET https://vercel.com/vc-ap-vercel-docs/_next/static/immutable/chunks/3iv5mrwfsyl5d.js → 200 (111ms, 33492B)
[2026-05-11T21:48:19.914Z] GET https://vercel.com/vc-ap-vercel-docs/_next/static/immutable/chunks/0iq_6b507n-0d.js → 200 (207ms, 29646B)
[2026-05-11T21:48:19.914Z] GET https://vercel.com/vc-ap-vercel-docs/_next/static/immutable/chunks/1_lcajqo4u_zb.js → 200 (235ms, ?B)
[2026-05-11T21:48:19.914Z] GET https://vercel.com/vc-ap-vercel-docs/_next/static/immutable/chunks/3tcrqmrrm2x7w.js → 200 (112ms, 24827B)
[2026-05-11T21:48:19.914Z] GET https://vercel.com/vc-ap-vercel-docs/_next/static/immutable/chunks/3hbopvc_dj5zg.js → 200 (235ms, ?B)
[2026-05-11T21:48:19.914Z] GET https://vercel.com/vc-ap-vercel-docs/_next/static/immutable/chunks/2mto3mv97j_hh.js → 200 (115ms, 418398B)
[2026-05-11T21:48:19.914Z] GET https://vercel.com/vc-ap-vercel-docs/_next/static/immutable/chunks/3ps7ydgq38su6.js → 200 (234ms, 29102B)
[2026-05-11T21:48:19.914Z] GET https://vercel.com/vc-ap-vercel-docs/_next/static/immutable/chunks/38p65b43s-53j.js → 200 (235ms, ?B)
[2026-05-11T21:48:19.914Z] GET https://vercel.com/vc-ap-vercel-docs/_next/static/immutable/chunks/0xgfu9wue3ina.js → 200 (112ms, 45825B)
[2026-05-11T21:48:19.914Z] GET https://vercel.com/vc-ap-vercel-docs/_next/static/immutable/chunks/3za6jdfv1-dbh.js → 200 (113ms, 40477B)
[2026-05-11T21:48:19.914Z] GET https://vercel.com/vc-ap-vercel-docs/_next/static/immutable/chunks/3_jvy3y9cvnz8.js → 200 (210ms, 31924B)
[2026-05-11T21:48:19.914Z] GET https://vercel.com/vc-ap-vercel-docs/_next/static/immutable/chunks/1k78ltjyj5eyx.js → 200 (114ms, 29714B)
[2026-05-11T21:48:19.914Z] GET https://vercel.com/vc-ap-vercel-docs/_next/static/immutable/chunks/28o0pn19bh_gt.js → 200 (226ms, 18819B)
[2026-05-11T21:48:19.914Z] GET https://vercel.com/vc-ap-vercel-docs/_next/static/immutable/chunks/3cly984c_fgfe.js → 200 (120ms, 72337B)
[2026-05-11T21:48:19.914Z] GET https://vercel.com/vc-ap-vercel-docs/_next/static/immutable/chunks/3pzc-ubjg74-h.js → 200 (114ms, 168305B)
[2026-05-11T21:48:19.914Z] GET https://vercel.com/vc-ap-vercel-docs/_next/static/immutable/chunks/38miys1dpb7m5.js → 200 (236ms, ?B)
[2026-05-11T21:48:19.914Z] GET https://vercel.com/vc-ap-vercel-docs/_next/static/immutable/chunks/1w514yrf08alr.js → 200 (226ms, 28481B)
[2026-05-11T21:48:19.914Z] GET https://vercel.com/vc-ap-vercel-docs/_next/static/immutable/chunks/2alsnw10wpblu.js → 200 (114ms, 93012B)
[2026-05-11T21:48:19.914Z] GET https://vercel.com/vc-ap-vercel-docs/_next/static/immutable/chunks/3cwcgoj-oirnr.js → 200 (234ms, 21107B)
[2026-05-11T21:48:19.914Z] GET https://vercel.com/vc-ap-vercel-docs/_next/static/immutable/chunks/3bdr1hbwvk2ne.js → 200 (115ms, 137409B)
[2026-05-11T21:48:19.914Z] GET https://vercel.com/vc-ap-vercel-docs/_next/static/immutable/chunks/1_i0xfk0-4pjw.js → 200 (114ms, 19024B)
[2026-05-11T21:48:19.914Z] GET https://vercel.com/vc-ap-vercel-docs/_next/static/immutable/chunks/3kq7m4xnu_rj1.js → 200 (114ms, 33653B)
[2026-05-11T21:48:19.914Z] GET https://vercel.com/vc-ap-vercel-docs/_next/static/immutable/chunks/1t66_f84n-fsj.js → 200 (233ms, 50417B)
[2026-05-11T21:48:19.914Z] GET https://vercel.com/vc-ap-vercel-docs/_next/static/immutable/chunks/06xenpy2r-fd7.js → 200 (235ms, ?B)
[2026-05-11T21:48:19.914Z] GET https://vercel.com/vc-ap-vercel-docs/_next/static/immutable/chunks/2s7vvjb52ih3_.js → 200 (123ms, 49680B)
[2026-05-11T21:48:19.914Z] GET https://vercel.com/vc-ap-vercel-docs/_next/static/immutable/chunks/0-719hw_v56_c.js → 200 (226ms, 21544B)
[2026-05-11T21:48:19.915Z] GET https://vercel.com/vc-ap-vercel-docs/_next/static/immutable/chunks/1hql6uidtgpwe.js → 200 (113ms, 16416B)
[2026-05-11T21:48:19.915Z] GET https://vercel.com/vc-ap-vercel-docs/_next/static/immutable/chunks/1k1n5o3btrkgy.css → 200 (7ms, 100804B)
[2026-05-11T21:48:20.013Z] GET https://k2mkucxia43oc7fa.public.blob.vercel-storage.com/front/fonts/space-mono/space-mono-v11-latin-regular.woff2 → pending (?ms, ?B)
[2026-05-11T21:48:20.193Z] GET https://vercel.com/vc-ap-0cca3e/_next/static/immutable/chunks/0rofgxhe7hruu.js → 200 (6ms, 23191B)
[2026-05-11T21:48:20.193Z] GET https://vercel.com/vc-ap-0cca3e/_next/static/immutable/chunks/1e9afsv5i1xyt.js → 200 (6ms, 31748B)
[2026-05-11T21:48:20.193Z] GET https://vercel.com/vc-ap-0cca3e/_next/static/immutable/chunks/12zozzge4p08v.js → 200 (6ms, 138480B)
[2026-05-11T21:48:20.194Z] GET https://vercel.com/vc-ap-0cca3e/_next/static/immutable/chunks/176ub_ao_jvcu.js → 200 (6ms, 46678B)
[2026-05-11T21:48:20.194Z] GET https://vercel.com/vc-ap-0cca3e/_next/static/immutable/chunks/0-26hiajk_rz6.js → 200 (6ms, 203418B)
[2026-05-11T21:48:20.194Z] GET https://vercel.com/vc-ap-0cca3e/_next/static/immutable/chunks/turbopack-0znfvff43rcgb.js → 200 (6ms, 10846B)
[2026-05-11T21:48:20.194Z] GET https://vercel.com/vc-ap-0cca3e/_next/static/immutable/chunks/3kxyu60h_-7aw.js → 200 (6ms, 3462B)
[2026-05-11T21:48:20.194Z] GET https://vercel.com/vc-ap-0cca3e/_next/static/immutable/chunks/09723hocgm4d1.js → 200 (6ms, 54738B)
[2026-05-11T21:48:20.194Z] GET https://vercel.com/vc-ap-0cca3e/_next/static/immutable/chunks/09w31mwsgxe75.js → 200 (6ms, 18727B)
[2026-05-11T21:48:20.194Z] GET https://vercel.com/vc-ap-0cca3e/_next/static/immutable/chunks/2f4cd8ha-c4ow.js → 200 (6ms, 350526B)
[2026-05-11T21:48:20.194Z] GET https://vercel.com/vc-ap-0cca3e/_next/static/immutable/chunks/185j6sqo_pkmy.js → 200 (18ms, 61162B)
[2026-05-11T21:48:20.194Z] GET https://vercel.com/vc-ap-0cca3e/_next/static/immutable/chunks/0cz1d0mv5g_q7.js → 200 (18ms, 112594B)
[2026-05-11T21:48:20.194Z] GET https://vercel.com/vc-ap-0cca3e/_next/static/immutable/chunks/0sghdlyg3fpyp.js → 200 (22ms, 6555B)
[2026-05-11T21:48:20.194Z] GET https://vercel.com/vc-ap-0cca3e/_next/static/immutable/chunks/0f1nv-_8xq498.css → 200 (4ms, 25461B)
[2026-05-11T21:48:20.194Z] GET https://vercel.com/vc-ap-0cca3e/_next/static/immutable/chunks/0sghdlyg3fpyp.js → 200 (18ms, 6555B)
[2026-05-11T21:48:20.330Z] GET https://vercel.com/.well-known/vercel/microfrontends/client-config → 200 (40ms, 7156B)
[2026-05-11T21:48:20.331Z] GET https://vercel.com/.well-known/vercel/microfrontends/client-config → 200 (39ms, 7156B)
[2026-05-11T21:48:20.331Z] GET https://vercel.com/vc-ap-vercel-docs/_next/static/immutable/chunks/1_jk2-zyrzbs-.css → 200 (25ms, 246B)
[2026-05-11T21:48:20.332Z] GET https://vercel.com/vc-ap-vercel-docs/_next/static/immutable/chunks/1c9atytlto8eh.js → 200 (38ms, 15856B)
[2026-05-11T21:48:20.356Z] POST https://vercel.com/api/stream/internal → 200 (172ms, 55B)
[2026-05-11T21:48:20.356Z] POST https://vercel.com/api/jwt → 403 (237ms, 12B)
[2026-05-11T21:48:20.356Z] GET https://vercel.com/e62b3a9e28ed8bca/script.js → 200 (14ms, 2495B)
[2026-05-11T21:48:20.356Z] GET https://vercel.com/3628f7ea4ecd82e3/script.js → 200 (14ms, 12567B)
[2026-05-11T21:48:20.434Z] GET https://vercel.com/docs/accounts/team-members-and-roles?_rsc=VD0dxmNdUrpAEaxZ → 308 (48ms, ?B)
[2026-05-11T21:48:20.434Z] GET https://vercel.com/docs/deployments/logs?_rsc=VD0dxmNdUrpAEaxZ → 200 (98ms, 1256B)
[2026-05-11T21:48:20.434Z] GET https://vercel.com/docs/deployments/managing-deployments?_rsc=VD0dxmNdUrpAEaxZ → 200 (65ms, 1272B)
[2026-05-11T21:48:20.434Z] GET https://vercel.com/docs/multi-tenant?_rsc=VD0dxmNdUrpAEaxZ → 200 (75ms, 1188B)
[2026-05-11T21:48:20.439Z] GET https://vercel-docs.vercel.sh/vc-ap-0cca3e/_next/static/immutable/chunks/0f1nv-_8xq498.css → 200 (1ms, 25461B)
[2026-05-11T21:48:20.442Z] GET https://vercel.com/vc-ap-vercel-docs/_next/static/immutable/chunks/1-bx7m48thsfl.js → 200 (64ms, 14581B)
[2026-05-11T21:48:20.442Z] GET https://vercel.com/vc-ap-vercel-docs/_next/static/immutable/chunks/3y8h4jnhludpy.js → 200 (49ms, 32915B)
[2026-05-11T21:48:20.442Z] GET https://vercel.com/vc-ap-vercel-docs/_next/static/immutable/chunks/1y697mu2bek63.js → 200 (71ms, 27004B)
[2026-05-11T21:48:20.447Z] GET https://vercel.com/pricing → 200 (83ms, ?B)
[2026-05-11T21:48:20.482Z] GET https://vercel.com/docs/rbac?_rsc=VD0dxmNdUrpAEaxZ → 200 (79ms, 1180B)
[2026-05-11T21:48:20.501Z] GET https://vercel.com/docs/flags?_rsc=VD0dxmNdUrpAEaxZ → 200 (78ms, 1181B)
[2026-05-11T21:48:20.510Z] GET https://vercel.com/docs/cli?_rsc=VD0dxmNdUrpAEaxZ → 200 (87ms, 1179B)
[2026-05-11T21:48:20.516Z] GET https://vercel.com/vc-ap-vercel-docs/_next/static/immutable/chunks/2-sef8fyeb-6n.js → 200 (1ms, 16352B)
[2026-05-11T21:48:20.516Z] GET https://vercel.com/vc-ap-vercel-docs/_next/static/immutable/chunks/27s_45hyk6wyf.js → 200 (82ms, 70681B)
[2026-05-11T21:48:20.516Z] GET https://vercel.com/vc-ap-vercel-docs/_next/static/immutable/chunks/045v8eprt6b4b.css → 200 (1ms, 254B)
[2026-05-11T21:48:20.533Z] GET https://vercel.com/kb?_rsc=VD0dxmNdUrpAEaxZ → 200 (61ms, 1110B)
[2026-05-11T21:48:20.537Z] GET https://vercel.com/home → 200 (60ms, ?B)
[2026-05-11T21:48:20.562Z] GET https://vercel.com/docs/production-checklist?_rsc=VD0dxmNdUrpAEaxZ → 200 (81ms, 1196B)
[2026-05-11T21:48:20.582Z] GET https://vercel.com/docs/incremental-migration?_rsc=VD0dxmNdUrpAEaxZ → 200 (67ms, 1197B)
[2026-05-11T21:48:20.594Z] GET https://vercel.com/vc-ap-vercel-docs/_next/static/immutable/chunks/05ukjk40yt31z.css → 200 (1ms, 3035B)
[2026-05-11T21:48:20.594Z] GET https://vercel.com/docs/frameworks?_rsc=VD0dxmNdUrpAEaxZ → 200 (68ms, 1186B)
[2026-05-11T21:48:20.598Z] GET https://vercel.com/docs/fundamentals?_rsc=VD0dxmNdUrpAEaxZ → 200 (75ms, 1188B)
[2026-05-11T21:48:20.606Z] GET https://vercel.com/enterprise → 200 (110ms, ?B)
[2026-05-11T21:48:20.643Z] GET https://vercel.com/docs/getting-started-with-vercel?_rsc=VD0dxmNdUrpAEaxZ → 200 (82ms, 1203B)
[2026-05-11T21:48:20.649Z] GET https://vercel.com/docs?_rsc=VD0dxmNdUrpAEaxZ → 200 (69ms, 1111B)
[2026-05-11T21:48:20.663Z] GET https://vercel.com/docs/rbac?_rsc=j3V8Sq12ko8wmENS → 200 (105ms, 36813B)
[2026-05-11T21:48:20.674Z] GET https://vercel.com/docs/rbac?_rsc=5-iQmBJe4GBPTKGk → 200 (208ms, 119755B)
[2026-05-11T21:48:20.719Z] GET https://vercel.com/docs/rbac?_rsc=VdnhVrhY-4rc3ieb → 200 (88ms, 40392B)
[2026-05-11T21:48:20.726Z] GET https://vercel.com/docs/deployments/logs?_rsc=hYeWG-qcsqJqCspm → 200 (83ms, 48299B)
[2026-05-11T21:48:20.755Z] GET https://vercel-docs.vercel.sh/vc-ap-0cca3e/_next/static/immutable/chunks/0sghdlyg3fpyp.js → 200 (13ms, 6555B)
[2026-05-11T21:48:20.770Z] GET https://vercel.com/vc-ap-vercel-docs/_next/static/immutable/chunks/1cg894h0d2nni.js → 200 (4ms, 1924B)
[2026-05-11T21:48:20.772Z] GET https://vercel.com/docs/deployments/managing-deployments?_rsc=NdKjn7YDIj62xEMc → 200 (78ms, 71888B)
[2026-05-11T21:48:20.773Z] GET https://vercel.com/vc-ap-vercel-docs/_next/static/immutable/chunks/1erm6nz0nj-vp.js → 200 (73ms, 151038B)
[2026-05-11T21:48:20.775Z] GET blob:https://vercel.com/b06fab41-ed8e-4231-8eef-dd3c9e287a76 → 200 (16ms, 23263B)
[2026-05-11T21:48:20.775Z] GET blob:https://vercel.com/22aa47b5-449a-4a40-b210-18b271142152 → 200 (16ms, 31820B)
[2026-05-11T21:48:20.775Z] GET blob:https://vercel.com/4e7ac57a-0b3a-4a68-9814-2f71c5c09a38 → 200 (25ms, 138552B)
[2026-05-11T21:48:20.776Z] GET blob:https://vercel.com/2f07e95d-1200-49b9-832d-557b61ad7060 → 200 (23ms, 46750B)
[2026-05-11T21:48:20.788Z] GET blob:https://vercel.com/de3173ac-335c-44ab-bc02-e75e174c5a0f → 200 (15ms, 203490B)
[2026-05-11T21:48:20.788Z] GET blob:https://vercel.com/1ed8914a-fe37-4491-b4fc-1e542e73cca8 → 200 (12ms, 11134B)
[2026-05-11T21:48:20.788Z] GET blob:https://vercel.com/c59fa28e-a154-4798-87ee-3e1d03cdb370 → 200 (12ms, 3534B)
[2026-05-11T21:48:20.788Z] GET blob:https://vercel.com/c86c1531-4642-4a50-a20e-689229bae848 → 200 (13ms, 54810B)
[2026-05-11T21:48:20.788Z] GET blob:https://vercel.com/09ea7001-0e0b-4233-ae8f-7754a474fb8a → 200 (13ms, 18799B)
[2026-05-11T21:48:20.788Z] GET blob:https://vercel.com/d9af1945-051d-452f-aaca-30d0033c7cca → 200 (19ms, 350598B)
[2026-05-11T21:48:20.788Z] GET blob:https://vercel.com/cc320251-7070-4b82-8f57-6144408c71f7 → 200 (18ms, 61234B)
[2026-05-11T21:48:20.788Z] GET blob:https://vercel.com/3a537e5b-95f8-47de-a71c-93d66fb96083 → 200 (18ms, 6627B)
[2026-05-11T21:48:20.807Z] GET https://vercel.com/vc-ap-vercel-docs/_next/static/immutable/chunks/14ds_5onu-gr8.js → 200 (48ms, 6827B)
[2026-05-11T21:48:20.807Z] GET https://vercel.com/docs/multi-tenant?_rsc=PMQ36XIJXaKwHeHS → 200 (95ms, 45235B)
[2026-05-11T21:48:20.808Z] GET https://vercel.com/vc-ap-0cca3e/_next/static/immutable/chunks/0zc7rp33ui2y2.js → 200 (?ms, 4648B)
[2026-05-11T21:48:20.808Z] GET blob:https://vercel.com/972cf875-0e39-45b0-a442-f3c438198dcd → 200 (?ms, 4720B)
[2026-05-11T21:48:20.808Z] GET https://vercel.com/vc-ap-vercel-docs/_next/static/immutable/chunks/37v4dp-4nyq_e.js → 200 (1ms, 3964B)
[2026-05-11T21:48:20.809Z] GET https://vercel.com/vc-ap-vercel-docs/_next/static/immutable/chunks/360_tvmle72q3.js → 200 (?ms, 23675B)
[2026-05-11T21:48:20.809Z] GET https://vercel.com/vc-ap-vercel-docs/_next/static/immutable/chunks/2vzx0ztccdt11.js → 200 (?ms, 4615B)
[2026-05-11T21:48:20.809Z] GET https://vercel.com/docs/flags?_rsc=xM6WhbkFMbduf9hM → 200 (92ms, 47928B)
[2026-05-11T21:48:20.824Z] GET https://www.vercel-status.com/api/v2/incidents/unresolved.json → 200 (92ms, 161B)
[2026-05-11T21:48:20.876Z] POST https://o205439.ingest.us.sentry.io/api/4507726617772033/envelope/?sentry_key=fa4620bf2250a67e0f31636787ee5ad5&sentry_version=7&sentry_client=sentry.javascript.browser%2F7.111.0 → 429 (81ms, 198B)
[2026-05-11T21:48:20.879Z] GET https://vercel.com/vc-ap-vercel-docs/_next/static/immutable/chunks/0qyi5qyry1-wk.js → 200 (103ms, 32445B)
[2026-05-11T21:48:20.879Z] GET https://vercel.com/vc-ap-vercel-docs/_next/static/immutable/chunks/3nrd637adzko-.js → 200 (78ms, 33653B)
[2026-05-11T21:48:20.879Z] GET https://vercel.com/docs/cli?_rsc=8OIrpPZcVKMW446Z → 200 (91ms, 215163B)
[2026-05-11T21:48:20.886Z] POST https://o205439.ingest.us.sentry.io/api/4507726617772033/envelope/?sentry_key=fa4620bf2250a67e0f31636787ee5ad5&sentry_version=7&sentry_client=sentry.javascript.browser%2F7.111.0 → 200 (71ms, 2B)
[2026-05-11T21:48:20.890Z] GET https://vercel.com/kb?_rsc=9hQpsb8zEQhRFe0d → 200 (143ms, 142683B)
[2026-05-11T21:48:20.902Z] GET https://vercel.com/vc-ap-vercel-docs/_next/static/immutable/chunks/1n27a5xh60aps.js → 200 (5ms, 17689B)
[2026-05-11T21:48:20.902Z] GET https://vercel.com/docs/production-checklist?_rsc=ZivaMccNQebsQUcE → 200 (68ms, 69931B)
[2026-05-11T21:48:20.904Z] GET https://vercel.com/vc-ap-vercel-docs/_next/static/immutable/chunks/2zy301s8v6_kv.js → 200 (3ms, 773B)
[2026-05-11T21:48:20.904Z] GET https://vercel.com/docs/incremental-migration?_rsc=4xXMl8vcXcLTsW9C → 200 (102ms, 111189B)
[2026-05-11T21:48:20.973Z] GET https://vercel.com/vc-ap-vercel-docs/_next/static/immutable/chunks/2zdzupfdl26ic.js → 200 (135ms, 25545B)
[2026-05-11T21:48:20.974Z] GET https://vercel.com/docs/frameworks?_rsc=uPsZ7b0kpFeGZm00 → 200 (76ms, 59825B)
[2026-05-11T21:48:20.975Z] GET https://vercel.com/vc-ap-vercel-docs/_next/static/immutable/chunks/3q84rb-3b-pvh.js → 200 (42ms, 13380B)
[2026-05-11T21:48:20.975Z] GET https://vercel.com/vc-ap-vercel-docs/_next/static/immutable/chunks/0bseueqtvjv3u.js → 200 (4ms, 64273B)
[2026-05-11T21:48:20.975Z] GET https://vercel.com/docs/fundamentals?_rsc=M5U7DgiSKASPFRtv → 200 (67ms, 30205B)
[2026-05-11T21:48:21.009Z] GET https://vercel.com/docs/getting-started-with-vercel?_rsc=St6Ma26qdBbITJBh → pending (?ms, ?B)
[2026-05-11T21:48:21.037Z] GET https://vercel.com/vc-ap-vercel-docs/_next/static/immutable/chunks/1adt55fybdy9c.js → 200 (51ms, 18819B)
[2026-05-11T21:48:21.037Z] GET https://vercel.com/vc-ap-vercel-docs/_next/static/immutable/chunks/1mlcp0oy-nu-e.js → 200 (98ms, 21208B)
[2026-05-11T21:48:21.038Z] GET https://vercel.com/vc-ap-vercel-docs/_next/static/immutable/chunks/3ypp9_fyfavq5.js → 200 (48ms, 42051B)
[2026-05-11T21:48:21.038Z] GET https://vercel.com/vc-ap-vercel-docs/_next/static/immutable/chunks/3t8pb-g_945h-.js → 200 (62ms, 167467B)
[2026-05-11T21:48:21.038Z] GET https://vercel.com/vc-ap-vercel-docs/_next/static/immutable/chunks/0-uib6nam2zyy.js → 200 (45ms, 30216B)
[2026-05-11T21:48:21.038Z] GET https://vercel.com/vc-ap-vercel-docs/_next/static/immutable/chunks/1tv-do55070ih.js → 200 (48ms, 36847B)
[2026-05-11T21:48:21.038Z] GET https://vercel.com/docs?_rsc=tMlPi3aGJbKS-Iav → 200 (68ms, 56651B)
[2026-05-11T21:48:21.044Z] GET https://vercel.com/vc-ap-vercel-docs/_next/static/immutable/chunks/0f_8x9r5v-byg.js → 200 (?ms, 6763B)
[2026-05-11T21:48:21.056Z] GET https://vercel.com/vc-ap-vercel-docs/_next/static/immutable/chunks/25ajgda1mxjbc.js → 200 (50ms, 18991B)
[2026-05-11T21:48:21.056Z] GET https://vercel.com/vc-ap-vercel-docs/_next/static/immutable/chunks/1-km7htb2kq8g.js → 200 (53ms, 69256B)
[2026-05-11T21:48:21.266Z] GET https://vercel.com/vc-ap-vercel-docs/_next/static/immutable/chunks/1dwokd6z4czz1.js → 200 (54ms, 31631B)
[2026-05-11T21:48:30.451Z] POST https://vercel.com/.well-known/otel/metrics → 204 (417ms, ?B)
